<?xml version="1.0" encoding="UTF-8"?>
<!-- Generated by org.testng.reporters.JUnitReportReporter -->
<testsuite skipped="0" hostname="DESKTOP-S3RV3MH" name="functionLibrary.browserInit" tests="1" failures="0" timestamp="01 Jun 2019 19:51:33 GMT" time="0.008" errors="0">
  <testcase name="test" time="0.008" classname="functionLibrary.browserInit"/>
</testsuite> <!-- functionLibrary.browserInit -->
