<?xml version="1.0" encoding="UTF-8"?>
<!-- Generated by org.testng.reporters.JUnitReportReporter -->
<testsuite skipped="0" hostname="DESKTOP-S3RV3MH" name="testCases.Test3" tests="1" failures="0" timestamp="02 Jun 2019 11:02:38 GMT" time="7.773" errors="0">
  <testcase name="tableValidation" time="7.773" classname="testCases.Test3"/>
</testsuite> <!-- testCases.Test3 -->
