<?xml version="1.0" encoding="UTF-8"?>
<!-- Generated by org.testng.reporters.JUnitReportReporter -->
<testsuite skipped="0" hostname="DESKTOP-S3RV3MH" name="testCases.Test4" tests="1" failures="0" timestamp="02 Jun 2019 12:09:59 GMT" time="39.050" errors="0">
  <testcase name="dragAndDropValidation" time="39.050" classname="testCases.Test4"/>
</testsuite> <!-- testCases.Test4 -->
