<?xml version="1.0" encoding="UTF-8"?>
<!-- Generated by org.testng.reporters.JUnitReportReporter -->
<testsuite skipped="0" hostname="DESKTOP-S3RV3MH" name="testCases.Test1" tests="1" failures="0" timestamp="02 Jun 2019 08:45:23 GMT" time="3.639" errors="0">
  <testcase name="dataValidation" time="3.639" classname="testCases.Test1"/>
</testsuite> <!-- testCases.Test1 -->
